<?xml version="1.0" encoding="UTF-8"?>
<testng-results ignored="0" total="1" passed="1" failed="0" skipped="0">
  <reporter-output>
  </reporter-output>
  <suite started-at="2022-12-02T18:36:11 IST" name="Regression Suite" finished-at="2022-12-02T18:37:48 IST" duration-ms="97122">
    <groups>
    </groups>
    <test started-at="2022-12-02T18:36:11 IST" name="Regression Test" finished-at="2022-12-02T18:37:48 IST" duration-ms="97122">
      <class name="com.ds.testLayer.LoginPageTest">
        <test-method is-config="true" signature="start()[pri:0, instance:com.ds.testLayer.LoginPageTest@5876a9af]" started-at="2022-12-02T18:36:11 IST" name="start" finished-at="2022-12-02T18:36:12 IST" duration-ms="484" status="PASS">
          <reporter-output>
          </reporter-output>
        </test-method> <!-- start -->
        <test-method is-config="true" signature="setup(java.lang.String)[pri:0, instance:com.ds.testLayer.LoginPageTest@5876a9af]" started-at="2022-12-02T18:36:12 IST" name="setup" finished-at="2022-12-02T18:37:48 IST" duration-ms="96547" status="PASS">
          <params>
            <param index="0">
              <value>
                <![CDATA[edge]]>
              </value>
            </param>
          </params>
          <reporter-output>
          </reporter-output>
        </test-method> <!-- setup -->
        <test-method signature="verifyLoginTest()[pri:0, instance:com.ds.testLayer.LoginPageTest@5876a9af]" started-at="2022-12-02T18:37:48 IST" name="verifyLoginTest" finished-at="2022-12-02T18:37:48 IST" duration-ms="36" status="PASS">
          <reporter-output>
          </reporter-output>
        </test-method> <!-- verifyLoginTest -->
        <test-method is-config="true" signature="tearDown()[pri:0, instance:com.ds.testLayer.LoginPageTest@5876a9af]" started-at="2022-12-02T18:37:48 IST" name="tearDown" finished-at="2022-12-02T18:37:48 IST" duration-ms="1" status="PASS">
          <reporter-output>
          </reporter-output>
        </test-method> <!-- tearDown -->
        <test-method is-config="true" signature="end()[pri:0, instance:com.ds.testLayer.LoginPageTest@5876a9af]" started-at="2022-12-02T18:37:48 IST" name="end" finished-at="2022-12-02T18:37:48 IST" duration-ms="2" status="PASS">
          <reporter-output>
          </reporter-output>
        </test-method> <!-- end -->
      </class> <!-- com.ds.testLayer.LoginPageTest -->
    </test> <!-- Regression Test -->
  </suite> <!-- Regression Suite -->
</testng-results>
